[0m13:24:38.403738 [debug] [MainThread]: Sending event: {'category': 'dbt', 'action': 'invocation', 'label': 'start', 'context': [<snowplow_tracker.self_describing_json.SelfDescribingJson object at 0x00000259E8334EF0>, <snowplow_tracker.self_describing_json.SelfDescribingJson object at 0x00000259E846DBE0>, <snowplow_tracker.self_describing_json.SelfDescribingJson object at 0x00000259E5089AC0>]}


============================== 13:24:38.437425 | 3422c13f-90a0-482c-9443-19e861a963ed ==============================
[0m13:24:38.437425 [info ] [MainThread]: Running with dbt=1.8.9
[0m13:24:38.438425 [debug] [MainThread]: running dbt with arguments {'printer_width': '80', 'indirect_selection': 'eager', 'write_json': 'True', 'log_cache_events': 'False', 'partial_parse': 'True', 'cache_selected_only': 'False', 'warn_error': 'None', 'debug': 'False', 'version_check': 'True', 'log_path': 'logs', 'fail_fast': 'False', 'profiles_dir': 'C:\\Users\\thiag\\.dbt', 'use_colors': 'True', 'use_experimental_parser': 'False', 'no_print': 'None', 'quiet': 'False', 'empty': 'None', 'log_format': 'default', 'static_parser': 'True', 'warn_error_options': 'WarnErrorOptions(include=[], exclude=[])', 'invocation_command': 'dbt init', 'target_path': 'None', 'introspect': 'True', 'send_anonymous_usage_stats': 'True'}
[0m13:24:38.569892 [warn ] [MainThread]: [ConfigFolderDirectory]: Unable to parse logging event dictionary. Failed to parse dir field: expected string or bytes-like object, got 'WindowsPath'.. Dictionary: {'dir': WindowsPath('C:/Users/thiag/.dbt')}
[0m13:24:38.571164 [info ] [MainThread]: Creating dbt configuration folder at 
[0m13:24:58.618416 [debug] [MainThread]: Starter project path: C:\Users\thiag\Desktop\Jornada_de_dados\bootcamp_dbt\.venv\Lib\site-packages\dbt\include\starter_project
[0m13:24:58.632799 [info ] [MainThread]: 
Your new dbt project "Adventure" was created!

For more information on how to configure the profiles.yml file,
please consult the dbt documentation here:

  https://docs.getdbt.com/docs/configure-your-profile

One more thing:

Need help? Don't hesitate to reach out to us via GitHub issues or on Slack:

  https://community.getdbt.com/

Happy modeling!

[0m13:24:58.633798 [info ] [MainThread]: Setting up your profile.
[0m13:25:56.175483 [info ] [MainThread]: Profile Adventure written to C:\Users\thiag\.dbt\profiles.yml using target's profile_template.yml and your supplied values. Run 'dbt debug' to validate the connection.
[0m13:25:56.176422 [debug] [MainThread]: Command `dbt init` succeeded at 13:25:56.176422 after 77.97 seconds
[0m13:25:56.176422 [debug] [MainThread]: Sending event: {'category': 'dbt', 'action': 'invocation', 'label': 'end', 'context': [<snowplow_tracker.self_describing_json.SelfDescribingJson object at 0x00000259E81B82C0>, <snowplow_tracker.self_describing_json.SelfDescribingJson object at 0x00000259E54F2F00>, <snowplow_tracker.self_describing_json.SelfDescribingJson object at 0x00000259EA4EDCA0>]}
[0m13:25:56.177380 [debug] [MainThread]: Flushing usage events
[0m13:26:21.924736 [debug] [MainThread]: Sending event: {'category': 'dbt', 'action': 'invocation', 'label': 'start', 'context': [<snowplow_tracker.self_describing_json.SelfDescribingJson object at 0x000002578FC82540>, <snowplow_tracker.self_describing_json.SelfDescribingJson object at 0x0000025793223E30>, <snowplow_tracker.self_describing_json.SelfDescribingJson object at 0x0000025793223470>]}


============================== 13:26:21.928751 | ad75eb91-9415-43fd-8df8-a36438b3f695 ==============================
[0m13:26:21.928751 [info ] [MainThread]: Running with dbt=1.8.9
[0m13:26:21.929735 [debug] [MainThread]: running dbt with arguments {'printer_width': '80', 'indirect_selection': 'eager', 'log_cache_events': 'False', 'write_json': 'True', 'partial_parse': 'True', 'cache_selected_only': 'False', 'profiles_dir': 'C:\\Users\\thiag\\.dbt', 'debug': 'False', 'warn_error': 'None', 'log_path': 'logs', 'fail_fast': 'False', 'version_check': 'True', 'use_colors': 'True', 'use_experimental_parser': 'False', 'no_print': 'None', 'quiet': 'False', 'empty': 'None', 'warn_error_options': 'WarnErrorOptions(include=[], exclude=[])', 'invocation_command': 'dbt debug', 'static_parser': 'True', 'introspect': 'True', 'target_path': 'None', 'log_format': 'default', 'send_anonymous_usage_stats': 'True'}
[0m13:26:21.988338 [info ] [MainThread]: dbt version: 1.8.9
[0m13:26:21.989339 [info ] [MainThread]: python version: 3.12.1
[0m13:26:21.990324 [info ] [MainThread]: python path: C:\Users\thiag\Desktop\Jornada_de_dados\bootcamp_dbt\.venv\Scripts\python.exe
[0m13:26:21.990324 [info ] [MainThread]: os info: Windows-11-10.0.26100-SP0
[0m13:26:22.173058 [info ] [MainThread]: Using profiles dir at C:\Users\thiag\.dbt
[0m13:26:22.174057 [info ] [MainThread]: Using profiles.yml file at C:\Users\thiag\.dbt\profiles.yml
[0m13:26:22.175058 [info ] [MainThread]: Using dbt_project.yml file at C:\Users\thiag\Desktop\Jornada_de_dados\bootcamp_dbt\dbt_project.yml
[0m13:26:22.176057 [info ] [MainThread]: Configuration:
[0m13:26:22.176057 [info ] [MainThread]:   profiles.yml file [[31mERROR invalid[0m]
[0m13:26:22.177057 [info ] [MainThread]:   dbt_project.yml file [[31mERROR not found[0m]
[0m13:26:22.177057 [info ] [MainThread]: Required dependencies:
[0m13:26:22.178059 [debug] [MainThread]: Executing "git --help"
[0m13:26:22.213569 [debug] [MainThread]: STDOUT: "b"usage: git [-v | --version] [-h | --help] [-C <path>] [-c <name>=<value>]\n           [--exec-path[=<path>]] [--html-path] [--man-path] [--info-path]\n           [-p | --paginate | -P | --no-pager] [--no-replace-objects] [--no-lazy-fetch]\n           [--no-optional-locks] [--no-advice] [--bare] [--git-dir=<path>]\n           [--work-tree=<path>] [--namespace=<name>] [--config-env=<name>=<envvar>]\n           <command> [<args>]\n\nThese are common Git commands used in various situations:\n\nstart a working area (see also: git help tutorial)\n   clone      Clone a repository into a new directory\n   init       Create an empty Git repository or reinitialize an existing one\n\nwork on the current change (see also: git help everyday)\n   add        Add file contents to the index\n   mv         Move or rename a file, a directory, or a symlink\n   restore    Restore working tree files\n   rm         Remove files from the working tree and from the index\n\nexamine the history and state (see also: git help revisions)\n   bisect     Use binary search to find the commit that introduced a bug\n   diff       Show changes between commits, commit and working tree, etc\n   grep       Print lines matching a pattern\n   log        Show commit logs\n   show       Show various types of objects\n   status     Show the working tree status\n\ngrow, mark and tweak your common history\n   backfill   Download missing objects in a partial clone\n   branch     List, create, or delete branches\n   commit     Record changes to the repository\n   merge      Join two or more development histories together\n   rebase     Reapply commits on top of another base tip\n   reset      Reset current HEAD to the specified state\n   switch     Switch branches\n   tag        Create, list, delete or verify a tag object signed with GPG\n\ncollaborate (see also: git help workflows)\n   fetch      Download objects and refs from another repository\n   pull       Fetch from and integrate with another repository or a local branch\n   push       Update remote refs along with associated objects\n\n'git help -a' and 'git help -g' list available subcommands and some\nconcept guides. See 'git help <command>' or 'git help <concept>'\nto read about a specific subcommand or concept.\nSee 'git help git' for an overview of the system.\n""
[0m13:26:22.214571 [debug] [MainThread]: STDERR: "b''"
[0m13:26:22.215570 [info ] [MainThread]:  - git [[32mOK found[0m]

[0m13:26:22.216568 [info ] [MainThread]: Connection test skipped since no profile was found
[0m13:26:22.216568 [info ] [MainThread]: [31m2 checks failed:[0m
[0m13:26:22.217568 [info ] [MainThread]: Could not load dbt_project.yml
Profile loading failed for the following reason:
Runtime Error
  Credentials in profile "Adventure", target "dev" invalid: 'schema' is a required property


[0m13:26:22.218570 [info ] [MainThread]: Project loading failed for the following reason:
 project path <C:\Users\thiag\Desktop\Jornada_de_dados\bootcamp_dbt\dbt_project.yml> not found

[0m13:26:22.219569 [debug] [MainThread]: Command `dbt debug` failed at 13:26:22.219569 after 0.48 seconds
[0m13:26:22.219569 [debug] [MainThread]: Sending event: {'category': 'dbt', 'action': 'invocation', 'label': 'end', 'context': [<snowplow_tracker.self_describing_json.SelfDescribingJson object at 0x0000025792BF2FF0>, <snowplow_tracker.self_describing_json.SelfDescribingJson object at 0x000002579347FBF0>, <snowplow_tracker.self_describing_json.SelfDescribingJson object at 0x000002578FDC6F00>]}
[0m13:26:22.220571 [debug] [MainThread]: Flushing usage events
[0m13:32:17.585885 [debug] [MainThread]: Sending event: {'category': 'dbt', 'action': 'invocation', 'label': 'start', 'context': [<snowplow_tracker.self_describing_json.SelfDescribingJson object at 0x0000019233FB0410>, <snowplow_tracker.self_describing_json.SelfDescribingJson object at 0x00000192330F3200>, <snowplow_tracker.self_describing_json.SelfDescribingJson object at 0x0000019233DD5970>]}


============================== 13:32:17.588813 | a68226b1-c1ea-4807-83ce-c1251a8752ae ==============================
[0m13:32:17.588813 [info ] [MainThread]: Running with dbt=1.8.9
[0m13:32:17.589883 [debug] [MainThread]: running dbt with arguments {'printer_width': '80', 'indirect_selection': 'eager', 'log_cache_events': 'False', 'write_json': 'True', 'partial_parse': 'True', 'cache_selected_only': 'False', 'warn_error': 'None', 'debug': 'False', 'version_check': 'True', 'log_path': 'logs', 'fail_fast': 'False', 'profiles_dir': 'C:\\Users\\thiag\\.dbt', 'use_colors': 'True', 'use_experimental_parser': 'False', 'no_print': 'None', 'quiet': 'False', 'empty': 'None', 'warn_error_options': 'WarnErrorOptions(include=[], exclude=[])', 'introspect': 'True', 'invocation_command': 'dbt debug', 'static_parser': 'True', 'target_path': 'None', 'log_format': 'default', 'send_anonymous_usage_stats': 'True'}
[0m13:32:17.634410 [info ] [MainThread]: dbt version: 1.8.9
[0m13:32:17.635425 [info ] [MainThread]: python version: 3.12.1
[0m13:32:17.636410 [info ] [MainThread]: python path: C:\Users\thiag\Desktop\Jornada_de_dados\bootcamp_dbt\.venv\Scripts\python.exe
[0m13:32:17.636410 [info ] [MainThread]: os info: Windows-11-10.0.26100-SP0
[0m13:32:17.828856 [info ] [MainThread]: Using profiles dir at C:\Users\thiag\.dbt
[0m13:32:17.829840 [info ] [MainThread]: Using profiles.yml file at C:\Users\thiag\.dbt\profiles.yml
[0m13:32:17.830815 [info ] [MainThread]: Using dbt_project.yml file at C:\Users\thiag\Desktop\Jornada_de_dados\bootcamp_dbt\dbt_project.yml
[0m13:32:17.830815 [info ] [MainThread]: adapter type: sqlserver
[0m13:32:17.831799 [info ] [MainThread]: adapter version: 1.8.7
[0m13:32:17.832798 [info ] [MainThread]: Configuration:
[0m13:32:17.832798 [info ] [MainThread]:   profiles.yml file [[32mOK found and valid[0m]
[0m13:32:17.833819 [info ] [MainThread]:   dbt_project.yml file [[31mERROR not found[0m]
[0m13:32:17.834798 [info ] [MainThread]: Required dependencies:
[0m13:32:17.835804 [debug] [MainThread]: Executing "git --help"
[0m13:32:17.875801 [debug] [MainThread]: STDOUT: "b"usage: git [-v | --version] [-h | --help] [-C <path>] [-c <name>=<value>]\n           [--exec-path[=<path>]] [--html-path] [--man-path] [--info-path]\n           [-p | --paginate | -P | --no-pager] [--no-replace-objects] [--no-lazy-fetch]\n           [--no-optional-locks] [--no-advice] [--bare] [--git-dir=<path>]\n           [--work-tree=<path>] [--namespace=<name>] [--config-env=<name>=<envvar>]\n           <command> [<args>]\n\nThese are common Git commands used in various situations:\n\nstart a working area (see also: git help tutorial)\n   clone      Clone a repository into a new directory\n   init       Create an empty Git repository or reinitialize an existing one\n\nwork on the current change (see also: git help everyday)\n   add        Add file contents to the index\n   mv         Move or rename a file, a directory, or a symlink\n   restore    Restore working tree files\n   rm         Remove files from the working tree and from the index\n\nexamine the history and state (see also: git help revisions)\n   bisect     Use binary search to find the commit that introduced a bug\n   diff       Show changes between commits, commit and working tree, etc\n   grep       Print lines matching a pattern\n   log        Show commit logs\n   show       Show various types of objects\n   status     Show the working tree status\n\ngrow, mark and tweak your common history\n   backfill   Download missing objects in a partial clone\n   branch     List, create, or delete branches\n   commit     Record changes to the repository\n   merge      Join two or more development histories together\n   rebase     Reapply commits on top of another base tip\n   reset      Reset current HEAD to the specified state\n   switch     Switch branches\n   tag        Create, list, delete or verify a tag object signed with GPG\n\ncollaborate (see also: git help workflows)\n   fetch      Download objects and refs from another repository\n   pull       Fetch from and integrate with another repository or a local branch\n   push       Update remote refs along with associated objects\n\n'git help -a' and 'git help -g' list available subcommands and some\nconcept guides. See 'git help <command>' or 'git help <concept>'\nto read about a specific subcommand or concept.\nSee 'git help git' for an overview of the system.\n""
[0m13:32:17.876803 [debug] [MainThread]: STDERR: "b''"
[0m13:32:17.876803 [info ] [MainThread]:  - git [[32mOK found[0m]

[0m13:32:17.877806 [info ] [MainThread]: Connection:
[0m13:32:17.879122 [info ] [MainThread]:   server: localhost
[0m13:32:17.880131 [info ] [MainThread]:   database: AdventureWorksDW2019
[0m13:32:17.880639 [info ] [MainThread]:   schema: dbo
[0m13:32:17.881651 [info ] [MainThread]:   UID: sa
[0m13:32:17.882654 [info ] [MainThread]:   client_id: None
[0m13:32:17.883654 [info ] [MainThread]:   authentication: sql
[0m13:32:17.884648 [info ] [MainThread]:   encrypt: True
[0m13:32:17.885719 [info ] [MainThread]:   trust_cert: False
[0m13:32:17.885719 [info ] [MainThread]:   retries: 3
[0m13:32:17.886766 [info ] [MainThread]:   login_timeout: 0
[0m13:32:17.887753 [info ] [MainThread]:   query_timeout: 0
[0m13:32:17.887753 [info ] [MainThread]:   trace_flag: False
[0m13:32:17.887753 [info ] [MainThread]:   port: 1433
[0m13:32:17.888764 [info ] [MainThread]: Registered adapter: sqlserver=1.8.7
[0m13:32:18.106587 [debug] [MainThread]: Acquiring new sqlserver connection 'debug'
[0m13:32:18.106587 [debug] [MainThread]: Using sqlserver connection "debug"
[0m13:32:18.107514 [debug] [MainThread]: On debug: select 1 as id
[0m13:32:18.107514 [debug] [MainThread]: Opening a new connection, currently in state init
[0m13:32:18.107514 [debug] [MainThread]: sqlserver adapter: Using connection string: DRIVER={ODBC Driver 18 for SQL Server};SERVER=localhost,1433;Database=AdventureWorksDW2019;UID={sa};PWD=***;encrypt=Yes;TrustServerCertificate=No;APP=dbt-sqlserver/1.8.7
[0m13:32:18.507641 [debug] [MainThread]: sqlserver adapter: Got a retryable error when attempting to open a sqlserver connection.
3 attempts remaining. Retrying in 1 seconds.
Error:
('08001', '[08001] [Microsoft][ODBC Driver 18 for SQL Server]Provedor SSL: A cadeia de certificação foi emitida por uma autoridade que não é de confiança.\r\n (-2146893019) (SQLDriverConnect); [08001] [Microsoft][ODBC Driver 18 for SQL Server]Cliente incapaz de estabelecer conexão. Para soluções relacionadas a erros de criptografia, veja https://go.microsoft.com/fwlink/?linkid=2226722 (-2146893019)')
[0m13:32:19.509174 [debug] [MainThread]: sqlserver adapter: Using connection string: DRIVER={ODBC Driver 18 for SQL Server};SERVER=localhost,1433;Database=AdventureWorksDW2019;UID={sa};PWD=***;encrypt=Yes;TrustServerCertificate=No;APP=dbt-sqlserver/1.8.7
[0m13:32:19.528313 [debug] [MainThread]: sqlserver adapter: Got a retryable error when attempting to open a sqlserver connection.
2 attempts remaining. Retrying in 1 seconds.
Error:
('08001', '[08001] [Microsoft][ODBC Driver 18 for SQL Server]Provedor SSL: A cadeia de certificação foi emitida por uma autoridade que não é de confiança.\r\n (-2146893019) (SQLDriverConnect); [08001] [Microsoft][ODBC Driver 18 for SQL Server]Cliente incapaz de estabelecer conexão. Para soluções relacionadas a erros de criptografia, veja https://go.microsoft.com/fwlink/?linkid=2226722 (-2146893019)')
[0m13:32:20.529285 [debug] [MainThread]: sqlserver adapter: Using connection string: DRIVER={ODBC Driver 18 for SQL Server};SERVER=localhost,1433;Database=AdventureWorksDW2019;UID={sa};PWD=***;encrypt=Yes;TrustServerCertificate=No;APP=dbt-sqlserver/1.8.7
[0m13:32:20.546343 [debug] [MainThread]: sqlserver adapter: Got a retryable error when attempting to open a sqlserver connection.
1 attempts remaining. Retrying in 1 seconds.
Error:
('08001', '[08001] [Microsoft][ODBC Driver 18 for SQL Server]Provedor SSL: A cadeia de certificação foi emitida por uma autoridade que não é de confiança.\r\n (-2146893019) (SQLDriverConnect); [08001] [Microsoft][ODBC Driver 18 for SQL Server]Cliente incapaz de estabelecer conexão. Para soluções relacionadas a erros de criptografia, veja https://go.microsoft.com/fwlink/?linkid=2226722 (-2146893019)')
[0m13:32:21.548247 [debug] [MainThread]: sqlserver adapter: Using connection string: DRIVER={ODBC Driver 18 for SQL Server};SERVER=localhost,1433;Database=AdventureWorksDW2019;UID={sa};PWD=***;encrypt=Yes;TrustServerCertificate=No;APP=dbt-sqlserver/1.8.7
[0m13:32:21.565414 [debug] [MainThread]: fabric adapter: Error running SQL: select 1 as id
[0m13:32:21.566404 [debug] [MainThread]: fabric adapter: Rolling back transaction.
[0m13:32:21.566404 [debug] [MainThread]: On debug: No close available on handle
[0m13:32:21.566404 [info ] [MainThread]:   Connection test: [[31mERROR[0m]

[0m13:32:21.567447 [info ] [MainThread]: [31m2 checks failed:[0m
[0m13:32:21.568348 [info ] [MainThread]: Project loading failed for the following reason:
 project path <C:\Users\thiag\Desktop\Jornada_de_dados\bootcamp_dbt\dbt_project.yml> not found

[0m13:32:21.569440 [info ] [MainThread]: dbt was unable to connect to the specified database.
The database returned the following error:

  >Database Error
  ('08001', '[08001] [Microsoft][ODBC Driver 18 for SQL Server]Provedor SSL: A cadeia de certificação foi emitida por uma autoridade que não é de confiança.\r\n (-2146893019) (SQLDriverConnect); [08001] [Microsoft][ODBC Driver 18 for SQL Server]Cliente incapaz de estabelecer conexão. Para soluções relacionadas a erros de criptografia, veja https://go.microsoft.com/fwlink/?linkid=2226722 (-2146893019)')

Check your database credentials and try again. For more information, visit:
https://docs.getdbt.com/docs/configure-your-profile


[0m13:32:21.570459 [debug] [MainThread]: Command `dbt debug` failed at 13:32:21.570459 after 4.15 seconds
[0m13:32:21.571465 [debug] [MainThread]: Connection 'debug' was properly closed.
[0m13:32:21.571465 [debug] [MainThread]: Sending event: {'category': 'dbt', 'action': 'invocation', 'label': 'end', 'context': [<snowplow_tracker.self_describing_json.SelfDescribingJson object at 0x0000019234094440>, <snowplow_tracker.self_describing_json.SelfDescribingJson object at 0x0000019234101CA0>, <snowplow_tracker.self_describing_json.SelfDescribingJson object at 0x0000019233F09580>]}
[0m13:32:21.571465 [debug] [MainThread]: Flushing usage events
[0m13:32:43.399874 [debug] [MainThread]: Sending event: {'category': 'dbt', 'action': 'invocation', 'label': 'start', 'context': [<snowplow_tracker.self_describing_json.SelfDescribingJson object at 0x00000281CC0A3AA0>, <snowplow_tracker.self_describing_json.SelfDescribingJson object at 0x00000281CA22E7B0>, <snowplow_tracker.self_describing_json.SelfDescribingJson object at 0x00000281CA22E810>]}


============================== 13:32:43.403979 | 0ff1a281-4039-48e6-b17c-9a5ba4c1f61c ==============================
[0m13:32:43.403979 [info ] [MainThread]: Running with dbt=1.8.9
[0m13:32:43.404874 [debug] [MainThread]: running dbt with arguments {'printer_width': '80', 'indirect_selection': 'eager', 'write_json': 'True', 'log_cache_events': 'False', 'partial_parse': 'True', 'cache_selected_only': 'False', 'warn_error': 'None', 'fail_fast': 'False', 'debug': 'False', 'log_path': 'logs', 'version_check': 'True', 'profiles_dir': 'C:\\Users\\thiag\\.dbt', 'use_colors': 'True', 'use_experimental_parser': 'False', 'empty': 'None', 'quiet': 'False', 'no_print': 'None', 'log_format': 'default', 'introspect': 'True', 'static_parser': 'True', 'warn_error_options': 'WarnErrorOptions(include=[], exclude=[])', 'target_path': 'None', 'invocation_command': 'dbt init', 'send_anonymous_usage_stats': 'True'}
[0m13:32:45.145772 [error] [MainThread]: Encountered an error:

[0m13:32:45.147795 [error] [MainThread]: Traceback (most recent call last):
  File "C:\Users\thiag\Desktop\Jornada_de_dados\bootcamp_dbt\.venv\Lib\site-packages\dbt\cli\requires.py", line 138, in wrapper
    result, success = func(*args, **kwargs)
                      ^^^^^^^^^^^^^^^^^^^^^
  File "C:\Users\thiag\Desktop\Jornada_de_dados\bootcamp_dbt\.venv\Lib\site-packages\dbt\cli\requires.py", line 101, in wrapper
    return func(*args, **kwargs)
           ^^^^^^^^^^^^^^^^^^^^^
  File "C:\Users\thiag\Desktop\Jornada_de_dados\bootcamp_dbt\.venv\Lib\site-packages\dbt\cli\main.py", line 470, in init
    results = task.run()
              ^^^^^^^^^^
  File "C:\Users\thiag\Desktop\Jornada_de_dados\bootcamp_dbt\.venv\Lib\site-packages\dbt\task\init.py", line 325, in run
    project_name = self.get_valid_project_name()
                   ^^^^^^^^^^^^^^^^^^^^^^^^^^^^^
  File "C:\Users\thiag\Desktop\Jornada_de_dados\bootcamp_dbt\.venv\Lib\site-packages\dbt\task\init.py", line 279, in get_valid_project_name
    name = click.prompt("Enter a name for your project (letters, digits, underscore)")
           ^^^^^^^^^^^^^^^^^^^^^^^^^^^^^^^^^^^^^^^^^^^^^^^^^^^^^^^^^^^^^^^^^^^^^^^^^^^
  File "C:\Users\thiag\Desktop\Jornada_de_dados\bootcamp_dbt\.venv\Lib\site-packages\click\termui.py", line 164, in prompt
    value = prompt_func(prompt)
            ^^^^^^^^^^^^^^^^^^^
  File "C:\Users\thiag\Desktop\Jornada_de_dados\bootcamp_dbt\.venv\Lib\site-packages\click\termui.py", line 147, in prompt_func
    raise Abort() from None
click.exceptions.Abort

[0m13:32:45.148772 [debug] [MainThread]: Command `dbt init` failed at 13:32:45.148772 after 1.91 seconds
[0m13:32:45.149773 [debug] [MainThread]: Sending event: {'category': 'dbt', 'action': 'invocation', 'label': 'end', 'context': [<snowplow_tracker.self_describing_json.SelfDescribingJson object at 0x00000281CD114200>, <snowplow_tracker.self_describing_json.SelfDescribingJson object at 0x00000281CD115820>, <snowplow_tracker.self_describing_json.SelfDescribingJson object at 0x00000281CD1DE900>]}
[0m13:32:45.149773 [debug] [MainThread]: Flushing usage events
[0m13:32:49.175977 [debug] [MainThread]: Sending event: {'category': 'dbt', 'action': 'invocation', 'label': 'start', 'context': [<snowplow_tracker.self_describing_json.SelfDescribingJson object at 0x000001DB26315B50>, <snowplow_tracker.self_describing_json.SelfDescribingJson object at 0x000001DB28360140>, <snowplow_tracker.self_describing_json.SelfDescribingJson object at 0x000001DB28CF03B0>]}


============================== 13:32:49.178886 | f99e3025-3fe9-47f8-99bf-b168a18b05c2 ==============================
[0m13:32:49.178886 [info ] [MainThread]: Running with dbt=1.8.9
[0m13:32:49.179992 [debug] [MainThread]: running dbt with arguments {'printer_width': '80', 'indirect_selection': 'eager', 'write_json': 'True', 'log_cache_events': 'False', 'partial_parse': 'True', 'cache_selected_only': 'False', 'warn_error': 'None', 'fail_fast': 'False', 'profiles_dir': 'C:\\Users\\thiag\\.dbt', 'log_path': 'logs', 'debug': 'False', 'version_check': 'True', 'use_colors': 'True', 'use_experimental_parser': 'False', 'empty': 'None', 'quiet': 'False', 'no_print': 'None', 'warn_error_options': 'WarnErrorOptions(include=[], exclude=[])', 'invocation_command': 'dbt debug', 'introspect': 'True', 'log_format': 'default', 'target_path': 'None', 'static_parser': 'True', 'send_anonymous_usage_stats': 'True'}
[0m13:32:49.231705 [info ] [MainThread]: dbt version: 1.8.9
[0m13:32:49.232716 [info ] [MainThread]: python version: 3.12.1
[0m13:32:49.233598 [info ] [MainThread]: python path: C:\Users\thiag\Desktop\Jornada_de_dados\bootcamp_dbt\.venv\Scripts\python.exe
[0m13:32:49.234697 [info ] [MainThread]: os info: Windows-11-10.0.26100-SP0
[0m13:32:49.412974 [info ] [MainThread]: Using profiles dir at C:\Users\thiag\.dbt
[0m13:32:49.413976 [info ] [MainThread]: Using profiles.yml file at C:\Users\thiag\.dbt\profiles.yml
[0m13:32:49.414973 [info ] [MainThread]: Using dbt_project.yml file at C:\Users\thiag\Desktop\Jornada_de_dados\bootcamp_dbt\dbt_project.yml
[0m13:32:49.416099 [info ] [MainThread]: adapter type: sqlserver
[0m13:32:49.416978 [info ] [MainThread]: adapter version: 1.8.7
[0m13:32:49.416978 [info ] [MainThread]: Configuration:
[0m13:32:49.417974 [info ] [MainThread]:   profiles.yml file [[32mOK found and valid[0m]
[0m13:32:49.419097 [info ] [MainThread]:   dbt_project.yml file [[31mERROR not found[0m]
[0m13:32:49.419097 [info ] [MainThread]: Required dependencies:
[0m13:32:49.419978 [debug] [MainThread]: Executing "git --help"
[0m13:32:49.450013 [debug] [MainThread]: STDOUT: "b"usage: git [-v | --version] [-h | --help] [-C <path>] [-c <name>=<value>]\n           [--exec-path[=<path>]] [--html-path] [--man-path] [--info-path]\n           [-p | --paginate | -P | --no-pager] [--no-replace-objects] [--no-lazy-fetch]\n           [--no-optional-locks] [--no-advice] [--bare] [--git-dir=<path>]\n           [--work-tree=<path>] [--namespace=<name>] [--config-env=<name>=<envvar>]\n           <command> [<args>]\n\nThese are common Git commands used in various situations:\n\nstart a working area (see also: git help tutorial)\n   clone      Clone a repository into a new directory\n   init       Create an empty Git repository or reinitialize an existing one\n\nwork on the current change (see also: git help everyday)\n   add        Add file contents to the index\n   mv         Move or rename a file, a directory, or a symlink\n   restore    Restore working tree files\n   rm         Remove files from the working tree and from the index\n\nexamine the history and state (see also: git help revisions)\n   bisect     Use binary search to find the commit that introduced a bug\n   diff       Show changes between commits, commit and working tree, etc\n   grep       Print lines matching a pattern\n   log        Show commit logs\n   show       Show various types of objects\n   status     Show the working tree status\n\ngrow, mark and tweak your common history\n   backfill   Download missing objects in a partial clone\n   branch     List, create, or delete branches\n   commit     Record changes to the repository\n   merge      Join two or more development histories together\n   rebase     Reapply commits on top of another base tip\n   reset      Reset current HEAD to the specified state\n   switch     Switch branches\n   tag        Create, list, delete or verify a tag object signed with GPG\n\ncollaborate (see also: git help workflows)\n   fetch      Download objects and refs from another repository\n   pull       Fetch from and integrate with another repository or a local branch\n   push       Update remote refs along with associated objects\n\n'git help -a' and 'git help -g' list available subcommands and some\nconcept guides. See 'git help <command>' or 'git help <concept>'\nto read about a specific subcommand or concept.\nSee 'git help git' for an overview of the system.\n""
[0m13:32:49.450981 [debug] [MainThread]: STDERR: "b''"
[0m13:32:49.451977 [info ] [MainThread]:  - git [[32mOK found[0m]

[0m13:32:49.452982 [info ] [MainThread]: Connection:
[0m13:32:49.454080 [info ] [MainThread]:   server: localhost
[0m13:32:49.455976 [info ] [MainThread]:   database: AdventureWorksDW2019
[0m13:32:49.455976 [info ] [MainThread]:   schema: dbo
[0m13:32:49.457015 [info ] [MainThread]:   UID: sa
[0m13:32:49.457989 [info ] [MainThread]:   client_id: None
[0m13:32:49.459999 [info ] [MainThread]:   authentication: sql
[0m13:32:49.460988 [info ] [MainThread]:   encrypt: True
[0m13:32:49.461984 [info ] [MainThread]:   trust_cert: False
[0m13:32:49.463987 [info ] [MainThread]:   retries: 3
[0m13:32:49.463987 [info ] [MainThread]:   login_timeout: 0
[0m13:32:49.464980 [info ] [MainThread]:   query_timeout: 0
[0m13:32:49.465974 [info ] [MainThread]:   trace_flag: False
[0m13:32:49.466983 [info ] [MainThread]:   port: 1433
[0m13:32:49.467986 [info ] [MainThread]: Registered adapter: sqlserver=1.8.7
[0m13:32:49.652457 [debug] [MainThread]: Acquiring new sqlserver connection 'debug'
[0m13:32:49.652457 [debug] [MainThread]: Using sqlserver connection "debug"
[0m13:32:49.653461 [debug] [MainThread]: On debug: select 1 as id
[0m13:32:49.653461 [debug] [MainThread]: Opening a new connection, currently in state init
[0m13:32:49.653461 [debug] [MainThread]: sqlserver adapter: Using connection string: DRIVER={ODBC Driver 17 for SQL Server};SERVER=localhost,1433;Database=AdventureWorksDW2019;UID={sa};PWD=***;encrypt=Yes;TrustServerCertificate=No;APP=dbt-sqlserver/1.8.7
[0m13:32:49.929792 [debug] [MainThread]: sqlserver adapter: Got a retryable error when attempting to open a sqlserver connection.
3 attempts remaining. Retrying in 1 seconds.
Error:
('08001', '[08001] [Microsoft][ODBC Driver 17 for SQL Server]Provedor SSL: A cadeia de certificação foi emitida por uma autoridade que não é de confiança.\r\n (-2146893019) (SQLDriverConnect); [08001] [Microsoft][ODBC Driver 17 for SQL Server]O cliente não pôde estabelecer a conexão (-2146893019)')
[0m13:32:50.930914 [debug] [MainThread]: sqlserver adapter: Using connection string: DRIVER={ODBC Driver 17 for SQL Server};SERVER=localhost,1433;Database=AdventureWorksDW2019;UID={sa};PWD=***;encrypt=Yes;TrustServerCertificate=No;APP=dbt-sqlserver/1.8.7
[0m13:32:50.945946 [debug] [MainThread]: sqlserver adapter: Got a retryable error when attempting to open a sqlserver connection.
2 attempts remaining. Retrying in 1 seconds.
Error:
('08001', '[08001] [Microsoft][ODBC Driver 17 for SQL Server]Provedor SSL: A cadeia de certificação foi emitida por uma autoridade que não é de confiança.\r\n (-2146893019) (SQLDriverConnect); [08001] [Microsoft][ODBC Driver 17 for SQL Server]O cliente não pôde estabelecer a conexão (-2146893019)')
[0m13:32:51.948121 [debug] [MainThread]: sqlserver adapter: Using connection string: DRIVER={ODBC Driver 17 for SQL Server};SERVER=localhost,1433;Database=AdventureWorksDW2019;UID={sa};PWD=***;encrypt=Yes;TrustServerCertificate=No;APP=dbt-sqlserver/1.8.7
[0m13:32:51.962742 [debug] [MainThread]: sqlserver adapter: Got a retryable error when attempting to open a sqlserver connection.
1 attempts remaining. Retrying in 1 seconds.
Error:
('08001', '[08001] [Microsoft][ODBC Driver 17 for SQL Server]Provedor SSL: A cadeia de certificação foi emitida por uma autoridade que não é de confiança.\r\n (-2146893019) (SQLDriverConnect); [08001] [Microsoft][ODBC Driver 17 for SQL Server]O cliente não pôde estabelecer a conexão (-2146893019)')
[0m13:32:52.964397 [debug] [MainThread]: sqlserver adapter: Using connection string: DRIVER={ODBC Driver 17 for SQL Server};SERVER=localhost,1433;Database=AdventureWorksDW2019;UID={sa};PWD=***;encrypt=Yes;TrustServerCertificate=No;APP=dbt-sqlserver/1.8.7
[0m13:32:52.978536 [debug] [MainThread]: fabric adapter: Error running SQL: select 1 as id
[0m13:32:52.980627 [debug] [MainThread]: fabric adapter: Rolling back transaction.
[0m13:32:52.981518 [debug] [MainThread]: On debug: No close available on handle
[0m13:32:52.981518 [info ] [MainThread]:   Connection test: [[31mERROR[0m]

[0m13:32:52.982530 [info ] [MainThread]: [31m2 checks failed:[0m
[0m13:32:52.983516 [info ] [MainThread]: Project loading failed for the following reason:
 project path <C:\Users\thiag\Desktop\Jornada_de_dados\bootcamp_dbt\dbt_project.yml> not found

[0m13:32:52.984518 [info ] [MainThread]: dbt was unable to connect to the specified database.
The database returned the following error:

  >Database Error
  ('08001', '[08001] [Microsoft][ODBC Driver 17 for SQL Server]Provedor SSL: A cadeia de certificação foi emitida por uma autoridade que não é de confiança.\r\n (-2146893019) (SQLDriverConnect); [08001] [Microsoft][ODBC Driver 17 for SQL Server]O cliente não pôde estabelecer a conexão (-2146893019)')

Check your database credentials and try again. For more information, visit:
https://docs.getdbt.com/docs/configure-your-profile


[0m13:32:52.985519 [debug] [MainThread]: Command `dbt debug` failed at 13:32:52.985519 after 3.95 seconds
[0m13:32:52.985519 [debug] [MainThread]: Connection 'debug' was properly closed.
[0m13:32:52.985519 [debug] [MainThread]: Sending event: {'category': 'dbt', 'action': 'invocation', 'label': 'end', 'context': [<snowplow_tracker.self_describing_json.SelfDescribingJson object at 0x000001DB29AE6600>, <snowplow_tracker.self_describing_json.SelfDescribingJson object at 0x000001DB28E15400>, <snowplow_tracker.self_describing_json.SelfDescribingJson object at 0x000001DB289B3110>]}
[0m13:32:52.986519 [debug] [MainThread]: Flushing usage events
[0m13:35:49.129028 [debug] [MainThread]: Sending event: {'category': 'dbt', 'action': 'invocation', 'label': 'start', 'context': [<snowplow_tracker.self_describing_json.SelfDescribingJson object at 0x000001BF6CD60590>, <snowplow_tracker.self_describing_json.SelfDescribingJson object at 0x000001BF6A87F290>, <snowplow_tracker.self_describing_json.SelfDescribingJson object at 0x000001BF6CB5C6E0>]}


============================== 13:35:49.132031 | 8aa388b4-823e-4104-a93a-de1f69b92994 ==============================
[0m13:35:49.132031 [info ] [MainThread]: Running with dbt=1.8.9
[0m13:35:49.134032 [debug] [MainThread]: running dbt with arguments {'printer_width': '80', 'indirect_selection': 'eager', 'log_cache_events': 'False', 'write_json': 'True', 'partial_parse': 'True', 'cache_selected_only': 'False', 'warn_error': 'None', 'fail_fast': 'False', 'version_check': 'True', 'log_path': 'logs', 'debug': 'False', 'profiles_dir': 'C:\\Users\\thiag\\.dbt', 'use_colors': 'True', 'use_experimental_parser': 'False', 'empty': 'None', 'quiet': 'False', 'no_print': 'None', 'warn_error_options': 'WarnErrorOptions(include=[], exclude=[])', 'invocation_command': 'dbt debug', 'static_parser': 'True', 'log_format': 'default', 'target_path': 'None', 'introspect': 'True', 'send_anonymous_usage_stats': 'True'}
[0m13:35:49.186571 [info ] [MainThread]: dbt version: 1.8.9
[0m13:35:49.187585 [info ] [MainThread]: python version: 3.12.1
[0m13:35:49.188574 [info ] [MainThread]: python path: C:\Users\thiag\Desktop\Jornada_de_dados\bootcamp_dbt\.venv\Scripts\python.exe
[0m13:35:49.188574 [info ] [MainThread]: os info: Windows-11-10.0.26100-SP0
[0m13:35:49.393639 [info ] [MainThread]: Using profiles dir at C:\Users\thiag\.dbt
[0m13:35:49.394639 [info ] [MainThread]: Using profiles.yml file at C:\Users\thiag\.dbt\profiles.yml
[0m13:35:49.394639 [info ] [MainThread]: Using dbt_project.yml file at C:\Users\thiag\Desktop\Jornada_de_dados\bootcamp_dbt\dbt_project.yml
[0m13:35:49.395638 [info ] [MainThread]: adapter type: sqlserver
[0m13:35:49.395638 [info ] [MainThread]: adapter version: 1.8.7
[0m13:35:49.396637 [info ] [MainThread]: Configuration:
[0m13:35:49.396637 [info ] [MainThread]:   profiles.yml file [[32mOK found and valid[0m]
[0m13:35:49.397638 [info ] [MainThread]:   dbt_project.yml file [[31mERROR not found[0m]
[0m13:35:49.397638 [info ] [MainThread]: Required dependencies:
[0m13:35:49.398637 [debug] [MainThread]: Executing "git --help"
[0m13:35:49.431645 [debug] [MainThread]: STDOUT: "b"usage: git [-v | --version] [-h | --help] [-C <path>] [-c <name>=<value>]\n           [--exec-path[=<path>]] [--html-path] [--man-path] [--info-path]\n           [-p | --paginate | -P | --no-pager] [--no-replace-objects] [--no-lazy-fetch]\n           [--no-optional-locks] [--no-advice] [--bare] [--git-dir=<path>]\n           [--work-tree=<path>] [--namespace=<name>] [--config-env=<name>=<envvar>]\n           <command> [<args>]\n\nThese are common Git commands used in various situations:\n\nstart a working area (see also: git help tutorial)\n   clone      Clone a repository into a new directory\n   init       Create an empty Git repository or reinitialize an existing one\n\nwork on the current change (see also: git help everyday)\n   add        Add file contents to the index\n   mv         Move or rename a file, a directory, or a symlink\n   restore    Restore working tree files\n   rm         Remove files from the working tree and from the index\n\nexamine the history and state (see also: git help revisions)\n   bisect     Use binary search to find the commit that introduced a bug\n   diff       Show changes between commits, commit and working tree, etc\n   grep       Print lines matching a pattern\n   log        Show commit logs\n   show       Show various types of objects\n   status     Show the working tree status\n\ngrow, mark and tweak your common history\n   backfill   Download missing objects in a partial clone\n   branch     List, create, or delete branches\n   commit     Record changes to the repository\n   merge      Join two or more development histories together\n   rebase     Reapply commits on top of another base tip\n   reset      Reset current HEAD to the specified state\n   switch     Switch branches\n   tag        Create, list, delete or verify a tag object signed with GPG\n\ncollaborate (see also: git help workflows)\n   fetch      Download objects and refs from another repository\n   pull       Fetch from and integrate with another repository or a local branch\n   push       Update remote refs along with associated objects\n\n'git help -a' and 'git help -g' list available subcommands and some\nconcept guides. See 'git help <command>' or 'git help <concept>'\nto read about a specific subcommand or concept.\nSee 'git help git' for an overview of the system.\n""
[0m13:35:49.431645 [debug] [MainThread]: STDERR: "b''"
[0m13:35:49.432693 [info ] [MainThread]:  - git [[32mOK found[0m]

[0m13:35:49.433645 [info ] [MainThread]: Connection:
[0m13:35:49.434643 [info ] [MainThread]:   server: localhost
[0m13:35:49.435644 [info ] [MainThread]:   database: AdventureWorksDW2019
[0m13:35:49.435644 [info ] [MainThread]:   schema: dbo
[0m13:35:49.436641 [info ] [MainThread]:   UID: sa
[0m13:35:49.436641 [info ] [MainThread]:   client_id: None
[0m13:35:49.437642 [info ] [MainThread]:   authentication: sql
[0m13:35:49.438643 [info ] [MainThread]:   encrypt: True
[0m13:35:49.439644 [info ] [MainThread]:   trust_cert: True
[0m13:35:49.440645 [info ] [MainThread]:   retries: 3
[0m13:35:49.440645 [info ] [MainThread]:   login_timeout: 0
[0m13:35:49.442153 [info ] [MainThread]:   query_timeout: 0
[0m13:35:49.442153 [info ] [MainThread]:   trace_flag: False
[0m13:35:49.443165 [info ] [MainThread]:   port: 1433
[0m13:35:49.444166 [info ] [MainThread]: Registered adapter: sqlserver=1.8.7
[0m13:35:49.614680 [debug] [MainThread]: Acquiring new sqlserver connection 'debug'
[0m13:35:49.614680 [debug] [MainThread]: Using sqlserver connection "debug"
[0m13:35:49.614680 [debug] [MainThread]: On debug: select 1 as id
[0m13:35:49.615683 [debug] [MainThread]: Opening a new connection, currently in state init
[0m13:35:49.615683 [debug] [MainThread]: sqlserver adapter: Using connection string: DRIVER={ODBC Driver 17 for SQL Server};SERVER=localhost,1433;Database=AdventureWorksDW2019;UID={sa};PWD=***;encrypt=Yes;TrustServerCertificate=Yes;APP=dbt-sqlserver/1.8.7
[0m13:35:49.786291 [debug] [MainThread]: sqlserver adapter: Connected to db: AdventureWorksDW2019
[0m13:35:49.789285 [debug] [MainThread]: SQL status: OK in 0.000 seconds
[0m13:35:49.790290 [debug] [MainThread]: On debug: Close
[0m13:35:49.790290 [info ] [MainThread]:   Connection test: [[32mOK connection ok[0m]

[0m13:35:49.792287 [info ] [MainThread]: [31m1 check failed:[0m
[0m13:35:49.793284 [info ] [MainThread]: Project loading failed for the following reason:
 project path <C:\Users\thiag\Desktop\Jornada_de_dados\bootcamp_dbt\dbt_project.yml> not found

[0m13:35:49.794290 [debug] [MainThread]: Command `dbt debug` failed at 13:35:49.794290 after 0.82 seconds
[0m13:35:49.794290 [debug] [MainThread]: Connection 'debug' was properly closed.
[0m13:35:49.795385 [debug] [MainThread]: Sending event: {'category': 'dbt', 'action': 'invocation', 'label': 'end', 'context': [<snowplow_tracker.self_describing_json.SelfDescribingJson object at 0x000001BF6CCE71A0>, <snowplow_tracker.self_describing_json.SelfDescribingJson object at 0x000001BF6CC21CA0>, <snowplow_tracker.self_describing_json.SelfDescribingJson object at 0x000001BF6C587EC0>]}
[0m13:35:49.796387 [debug] [MainThread]: Flushing usage events
[0m13:37:08.428875 [debug] [MainThread]: Sending event: {'category': 'dbt', 'action': 'invocation', 'label': 'start', 'context': [<snowplow_tracker.self_describing_json.SelfDescribingJson object at 0x00000176A6AE04A0>, <snowplow_tracker.self_describing_json.SelfDescribingJson object at 0x00000176A31B2FC0>, <snowplow_tracker.self_describing_json.SelfDescribingJson object at 0x00000176A0E1B2F0>]}


============================== 13:37:08.432929 | e1854fd7-3804-4409-bb35-137f4c5963d9 ==============================
[0m13:37:08.432929 [info ] [MainThread]: Running with dbt=1.8.9
[0m13:37:08.433943 [debug] [MainThread]: running dbt with arguments {'printer_width': '80', 'indirect_selection': 'eager', 'write_json': 'True', 'log_cache_events': 'False', 'partial_parse': 'True', 'cache_selected_only': 'False', 'warn_error': 'None', 'version_check': 'True', 'profiles_dir': 'C:\\Users\\thiag\\.dbt', 'log_path': 'logs', 'debug': 'False', 'fail_fast': 'False', 'use_colors': 'True', 'use_experimental_parser': 'False', 'empty': 'None', 'quiet': 'False', 'no_print': 'None', 'warn_error_options': 'WarnErrorOptions(include=[], exclude=[])', 'invocation_command': 'dbt init bootcamp_dbt', 'introspect': 'True', 'log_format': 'default', 'target_path': 'None', 'static_parser': 'True', 'send_anonymous_usage_stats': 'True'}
[0m13:37:08.480728 [info ] [MainThread]: A project called bootcamp_dbt already exists here.
[0m13:37:08.481626 [debug] [MainThread]: Command `dbt init` succeeded at 13:37:08.481626 after 0.22 seconds
[0m13:37:08.481626 [debug] [MainThread]: Sending event: {'category': 'dbt', 'action': 'invocation', 'label': 'end', 'context': [<snowplow_tracker.self_describing_json.SelfDescribingJson object at 0x00000176A6AE04A0>, <snowplow_tracker.self_describing_json.SelfDescribingJson object at 0x00000176A5BF4320>, <snowplow_tracker.self_describing_json.SelfDescribingJson object at 0x00000176A5BF42F0>]}
[0m13:37:08.482741 [debug] [MainThread]: Flushing usage events
[0m13:37:45.099396 [debug] [MainThread]: Sending event: {'category': 'dbt', 'action': 'invocation', 'label': 'start', 'context': [<snowplow_tracker.self_describing_json.SelfDescribingJson object at 0x000002ABA644F5F0>, <snowplow_tracker.self_describing_json.SelfDescribingJson object at 0x000002ABA63A2660>, <snowplow_tracker.self_describing_json.SelfDescribingJson object at 0x000002ABA2EA2EA0>]}


============================== 13:37:45.102381 | 63ff4fb1-a114-4da4-b486-3fbe3822d50d ==============================
[0m13:37:45.102381 [info ] [MainThread]: Running with dbt=1.8.9
[0m13:37:45.104312 [debug] [MainThread]: running dbt with arguments {'printer_width': '80', 'indirect_selection': 'eager', 'write_json': 'True', 'log_cache_events': 'False', 'partial_parse': 'True', 'cache_selected_only': 'False', 'profiles_dir': 'C:\\Users\\thiag\\.dbt', 'version_check': 'True', 'warn_error': 'None', 'log_path': 'logs', 'fail_fast': 'False', 'debug': 'False', 'use_colors': 'True', 'use_experimental_parser': 'False', 'empty': 'None', 'quiet': 'False', 'no_print': 'None', 'log_format': 'default', 'static_parser': 'True', 'invocation_command': 'dbt debug', 'introspect': 'True', 'target_path': 'None', 'warn_error_options': 'WarnErrorOptions(include=[], exclude=[])', 'send_anonymous_usage_stats': 'True'}
[0m13:37:45.151782 [info ] [MainThread]: dbt version: 1.8.9
[0m13:37:45.152785 [info ] [MainThread]: python version: 3.12.1
[0m13:37:45.152785 [info ] [MainThread]: python path: C:\Users\thiag\Desktop\Jornada_de_dados\bootcamp_dbt\.venv\Scripts\python.exe
[0m13:37:45.153783 [info ] [MainThread]: os info: Windows-11-10.0.26100-SP0
[0m13:37:45.328924 [info ] [MainThread]: Using profiles dir at C:\Users\thiag\.dbt
[0m13:37:45.328924 [info ] [MainThread]: Using profiles.yml file at C:\Users\thiag\.dbt\profiles.yml
[0m13:37:45.329922 [info ] [MainThread]: Using dbt_project.yml file at C:\Users\thiag\Desktop\Jornada_de_dados\bootcamp_dbt\dbt_project.yml
[0m13:37:45.329922 [info ] [MainThread]: adapter type: sqlserver
[0m13:37:45.331023 [info ] [MainThread]: adapter version: 1.8.7
[0m13:37:45.331023 [info ] [MainThread]: Configuration:
[0m13:37:45.331921 [info ] [MainThread]:   profiles.yml file [[32mOK found and valid[0m]
[0m13:37:45.331921 [info ] [MainThread]:   dbt_project.yml file [[31mERROR not found[0m]
[0m13:37:45.331921 [info ] [MainThread]: Required dependencies:
[0m13:37:45.333465 [debug] [MainThread]: Executing "git --help"
[0m13:37:45.365125 [debug] [MainThread]: STDOUT: "b"usage: git [-v | --version] [-h | --help] [-C <path>] [-c <name>=<value>]\n           [--exec-path[=<path>]] [--html-path] [--man-path] [--info-path]\n           [-p | --paginate | -P | --no-pager] [--no-replace-objects] [--no-lazy-fetch]\n           [--no-optional-locks] [--no-advice] [--bare] [--git-dir=<path>]\n           [--work-tree=<path>] [--namespace=<name>] [--config-env=<name>=<envvar>]\n           <command> [<args>]\n\nThese are common Git commands used in various situations:\n\nstart a working area (see also: git help tutorial)\n   clone      Clone a repository into a new directory\n   init       Create an empty Git repository or reinitialize an existing one\n\nwork on the current change (see also: git help everyday)\n   add        Add file contents to the index\n   mv         Move or rename a file, a directory, or a symlink\n   restore    Restore working tree files\n   rm         Remove files from the working tree and from the index\n\nexamine the history and state (see also: git help revisions)\n   bisect     Use binary search to find the commit that introduced a bug\n   diff       Show changes between commits, commit and working tree, etc\n   grep       Print lines matching a pattern\n   log        Show commit logs\n   show       Show various types of objects\n   status     Show the working tree status\n\ngrow, mark and tweak your common history\n   backfill   Download missing objects in a partial clone\n   branch     List, create, or delete branches\n   commit     Record changes to the repository\n   merge      Join two or more development histories together\n   rebase     Reapply commits on top of another base tip\n   reset      Reset current HEAD to the specified state\n   switch     Switch branches\n   tag        Create, list, delete or verify a tag object signed with GPG\n\ncollaborate (see also: git help workflows)\n   fetch      Download objects and refs from another repository\n   pull       Fetch from and integrate with another repository or a local branch\n   push       Update remote refs along with associated objects\n\n'git help -a' and 'git help -g' list available subcommands and some\nconcept guides. See 'git help <command>' or 'git help <concept>'\nto read about a specific subcommand or concept.\nSee 'git help git' for an overview of the system.\n""
[0m13:37:45.366125 [debug] [MainThread]: STDERR: "b''"
[0m13:37:45.367126 [info ] [MainThread]:  - git [[32mOK found[0m]

[0m13:37:45.367126 [info ] [MainThread]: Connection:
[0m13:37:45.368126 [info ] [MainThread]:   server: localhost
[0m13:37:45.368126 [info ] [MainThread]:   database: AdventureWorksDW2019
[0m13:37:45.369125 [info ] [MainThread]:   schema: dbo
[0m13:37:45.369125 [info ] [MainThread]:   UID: sa
[0m13:37:45.370125 [info ] [MainThread]:   client_id: None
[0m13:37:45.371125 [info ] [MainThread]:   authentication: sql
[0m13:37:45.371125 [info ] [MainThread]:   encrypt: True
[0m13:37:45.371125 [info ] [MainThread]:   trust_cert: True
[0m13:37:45.372125 [info ] [MainThread]:   retries: 3
[0m13:37:45.372125 [info ] [MainThread]:   login_timeout: 0
[0m13:37:45.373147 [info ] [MainThread]:   query_timeout: 0
[0m13:37:45.373147 [info ] [MainThread]:   trace_flag: False
[0m13:37:45.374150 [info ] [MainThread]:   port: 1433
[0m13:37:45.375127 [info ] [MainThread]: Registered adapter: sqlserver=1.8.7
[0m13:37:45.541707 [debug] [MainThread]: Acquiring new sqlserver connection 'debug'
[0m13:37:45.542723 [debug] [MainThread]: Using sqlserver connection "debug"
[0m13:37:45.542723 [debug] [MainThread]: On debug: select 1 as id
[0m13:37:45.542723 [debug] [MainThread]: Opening a new connection, currently in state init
[0m13:37:45.543612 [debug] [MainThread]: sqlserver adapter: Using connection string: DRIVER={ODBC Driver 17 for SQL Server};SERVER=localhost,1433;Database=AdventureWorksDW2019;UID={sa};PWD=***;encrypt=Yes;TrustServerCertificate=Yes;APP=dbt-sqlserver/1.8.7
[0m13:37:45.673208 [debug] [MainThread]: sqlserver adapter: Connected to db: AdventureWorksDW2019
[0m13:37:45.675192 [debug] [MainThread]: SQL status: OK in 0.000 seconds
[0m13:37:45.676201 [debug] [MainThread]: On debug: Close
[0m13:37:45.677096 [info ] [MainThread]:   Connection test: [[32mOK connection ok[0m]

[0m13:37:45.678097 [info ] [MainThread]: [31m1 check failed:[0m
[0m13:37:45.679098 [info ] [MainThread]: Project loading failed for the following reason:
 project path <C:\Users\thiag\Desktop\Jornada_de_dados\bootcamp_dbt\dbt_project.yml> not found

[0m13:37:45.680189 [debug] [MainThread]: Command `dbt debug` failed at 13:37:45.680189 after 0.72 seconds
[0m13:37:45.681189 [debug] [MainThread]: Connection 'debug' was properly closed.
[0m13:37:45.681189 [debug] [MainThread]: Sending event: {'category': 'dbt', 'action': 'invocation', 'label': 'end', 'context': [<snowplow_tracker.self_describing_json.SelfDescribingJson object at 0x000002ABA644F5F0>, <snowplow_tracker.self_describing_json.SelfDescribingJson object at 0x000002ABA6D51CA0>, <snowplow_tracker.self_describing_json.SelfDescribingJson object at 0x000002ABA690FFE0>]}
[0m13:37:45.681189 [debug] [MainThread]: Flushing usage events
[0m13:39:11.732815 [debug] [MainThread]: Sending event: {'category': 'dbt', 'action': 'invocation', 'label': 'start', 'context': [<snowplow_tracker.self_describing_json.SelfDescribingJson object at 0x0000027183CD4B60>, <snowplow_tracker.self_describing_json.SelfDescribingJson object at 0x0000027183F92A80>, <snowplow_tracker.self_describing_json.SelfDescribingJson object at 0x0000027183A1F860>]}


============================== 13:39:11.736810 | 0dc2db2d-15fd-49b5-9b12-3c2b26a5458b ==============================
[0m13:39:11.736810 [info ] [MainThread]: Running with dbt=1.8.9
[0m13:39:11.737799 [debug] [MainThread]: running dbt with arguments {'printer_width': '80', 'indirect_selection': 'eager', 'write_json': 'True', 'log_cache_events': 'False', 'partial_parse': 'True', 'cache_selected_only': 'False', 'warn_error': 'None', 'version_check': 'True', 'profiles_dir': 'C:\\Users\\thiag\\.dbt', 'log_path': 'logs', 'fail_fast': 'False', 'debug': 'False', 'use_colors': 'True', 'use_experimental_parser': 'False', 'no_print': 'None', 'quiet': 'False', 'empty': 'None', 'log_format': 'default', 'introspect': 'True', 'warn_error_options': 'WarnErrorOptions(include=[], exclude=[])', 'invocation_command': 'dbt init bootcamp_dbt', 'target_path': 'None', 'static_parser': 'True', 'send_anonymous_usage_stats': 'True'}
[0m13:39:11.789092 [info ] [MainThread]: A project called bootcamp_dbt already exists here.
[0m13:39:11.790997 [debug] [MainThread]: Command `dbt init` succeeded at 13:39:11.790997 after 0.20 seconds
[0m13:39:11.790997 [debug] [MainThread]: Sending event: {'category': 'dbt', 'action': 'invocation', 'label': 'end', 'context': [<snowplow_tracker.self_describing_json.SelfDescribingJson object at 0x0000027184CB7F80>, <snowplow_tracker.self_describing_json.SelfDescribingJson object at 0x00000271FFE98260>, <snowplow_tracker.self_describing_json.SelfDescribingJson object at 0x00000271FEC5CA10>]}
[0m13:39:11.790997 [debug] [MainThread]: Flushing usage events
[0m13:40:29.001950 [debug] [MainThread]: Sending event: {'category': 'dbt', 'action': 'invocation', 'label': 'start', 'context': [<snowplow_tracker.self_describing_json.SelfDescribingJson object at 0x0000019B546E7470>, <snowplow_tracker.self_describing_json.SelfDescribingJson object at 0x0000019B5467B890>, <snowplow_tracker.self_describing_json.SelfDescribingJson object at 0x0000019B50E32DB0>]}


============================== 13:40:29.005929 | c564d6ad-4583-4936-a95d-56916053bc92 ==============================
[0m13:40:29.005929 [info ] [MainThread]: Running with dbt=1.8.9
[0m13:40:29.005929 [debug] [MainThread]: running dbt with arguments {'printer_width': '80', 'indirect_selection': 'eager', 'write_json': 'True', 'log_cache_events': 'False', 'partial_parse': 'True', 'cache_selected_only': 'False', 'profiles_dir': 'C:\\Users\\thiag\\.dbt', 'version_check': 'True', 'fail_fast': 'False', 'log_path': 'logs', 'warn_error': 'None', 'debug': 'False', 'use_colors': 'True', 'use_experimental_parser': 'False', 'no_print': 'None', 'quiet': 'False', 'empty': 'None', 'warn_error_options': 'WarnErrorOptions(include=[], exclude=[])', 'static_parser': 'True', 'introspect': 'True', 'log_format': 'default', 'target_path': 'None', 'invocation_command': 'dbt debug', 'send_anonymous_usage_stats': 'True'}
[0m13:40:29.050449 [info ] [MainThread]: dbt version: 1.8.9
[0m13:40:29.051449 [info ] [MainThread]: python version: 3.12.1
[0m13:40:29.052451 [info ] [MainThread]: python path: C:\Users\thiag\Desktop\Jornada_de_dados\bootcamp_dbt\.venv\Scripts\python.exe
[0m13:40:29.052451 [info ] [MainThread]: os info: Windows-11-10.0.26100-SP0
[0m13:40:29.221243 [info ] [MainThread]: Using profiles dir at C:\Users\thiag\.dbt
[0m13:40:29.222243 [info ] [MainThread]: Using profiles.yml file at C:\Users\thiag\.dbt\profiles.yml
[0m13:40:29.222243 [info ] [MainThread]: Using dbt_project.yml file at C:\Users\thiag\Desktop\Jornada_de_dados\bootcamp_dbt\dbt_project.yml
[0m13:40:29.223245 [info ] [MainThread]: adapter type: sqlserver
[0m13:40:29.224243 [info ] [MainThread]: adapter version: 1.8.7
[0m13:40:29.224243 [info ] [MainThread]: Configuration:
[0m13:40:29.224243 [info ] [MainThread]:   profiles.yml file [[32mOK found and valid[0m]
[0m13:40:29.225560 [info ] [MainThread]:   dbt_project.yml file [[31mERROR not found[0m]
[0m13:40:29.226560 [info ] [MainThread]: Required dependencies:
[0m13:40:29.226560 [debug] [MainThread]: Executing "git --help"
[0m13:40:29.257560 [debug] [MainThread]: STDOUT: "b"usage: git [-v | --version] [-h | --help] [-C <path>] [-c <name>=<value>]\n           [--exec-path[=<path>]] [--html-path] [--man-path] [--info-path]\n           [-p | --paginate | -P | --no-pager] [--no-replace-objects] [--no-lazy-fetch]\n           [--no-optional-locks] [--no-advice] [--bare] [--git-dir=<path>]\n           [--work-tree=<path>] [--namespace=<name>] [--config-env=<name>=<envvar>]\n           <command> [<args>]\n\nThese are common Git commands used in various situations:\n\nstart a working area (see also: git help tutorial)\n   clone      Clone a repository into a new directory\n   init       Create an empty Git repository or reinitialize an existing one\n\nwork on the current change (see also: git help everyday)\n   add        Add file contents to the index\n   mv         Move or rename a file, a directory, or a symlink\n   restore    Restore working tree files\n   rm         Remove files from the working tree and from the index\n\nexamine the history and state (see also: git help revisions)\n   bisect     Use binary search to find the commit that introduced a bug\n   diff       Show changes between commits, commit and working tree, etc\n   grep       Print lines matching a pattern\n   log        Show commit logs\n   show       Show various types of objects\n   status     Show the working tree status\n\ngrow, mark and tweak your common history\n   backfill   Download missing objects in a partial clone\n   branch     List, create, or delete branches\n   commit     Record changes to the repository\n   merge      Join two or more development histories together\n   rebase     Reapply commits on top of another base tip\n   reset      Reset current HEAD to the specified state\n   switch     Switch branches\n   tag        Create, list, delete or verify a tag object signed with GPG\n\ncollaborate (see also: git help workflows)\n   fetch      Download objects and refs from another repository\n   pull       Fetch from and integrate with another repository or a local branch\n   push       Update remote refs along with associated objects\n\n'git help -a' and 'git help -g' list available subcommands and some\nconcept guides. See 'git help <command>' or 'git help <concept>'\nto read about a specific subcommand or concept.\nSee 'git help git' for an overview of the system.\n""
[0m13:40:29.258561 [debug] [MainThread]: STDERR: "b''"
[0m13:40:29.258561 [info ] [MainThread]:  - git [[32mOK found[0m]

[0m13:40:29.259560 [info ] [MainThread]: Connection:
[0m13:40:29.259560 [info ] [MainThread]:   server: localhost
[0m13:40:29.260561 [info ] [MainThread]:   database: AdventureWorksDW2019
[0m13:40:29.261561 [info ] [MainThread]:   schema: dbo
[0m13:40:29.262562 [info ] [MainThread]:   UID: sa
[0m13:40:29.263560 [info ] [MainThread]:   client_id: None
[0m13:40:29.263560 [info ] [MainThread]:   authentication: sql
[0m13:40:29.264561 [info ] [MainThread]:   encrypt: True
[0m13:40:29.264561 [info ] [MainThread]:   trust_cert: True
[0m13:40:29.265563 [info ] [MainThread]:   retries: 3
[0m13:40:29.266561 [info ] [MainThread]:   login_timeout: 0
[0m13:40:29.266561 [info ] [MainThread]:   query_timeout: 0
[0m13:40:29.267561 [info ] [MainThread]:   trace_flag: False
[0m13:40:29.267561 [info ] [MainThread]:   port: 1433
[0m13:40:29.268560 [info ] [MainThread]: Registered adapter: sqlserver=1.8.7
[0m13:40:29.450898 [debug] [MainThread]: Acquiring new sqlserver connection 'debug'
[0m13:40:29.450898 [debug] [MainThread]: Using sqlserver connection "debug"
[0m13:40:29.451909 [debug] [MainThread]: On debug: select 1 as id
[0m13:40:29.451909 [debug] [MainThread]: Opening a new connection, currently in state init
[0m13:40:29.452802 [debug] [MainThread]: sqlserver adapter: Using connection string: DRIVER={ODBC Driver 17 for SQL Server};SERVER=localhost,1433;Database=AdventureWorksDW2019;UID={sa};PWD=***;encrypt=Yes;TrustServerCertificate=Yes;APP=dbt-sqlserver/1.8.7
[0m13:40:29.581129 [debug] [MainThread]: sqlserver adapter: Connected to db: AdventureWorksDW2019
[0m13:40:29.584129 [debug] [MainThread]: SQL status: OK in 0.000 seconds
[0m13:40:29.585130 [debug] [MainThread]: On debug: Close
[0m13:40:29.585130 [info ] [MainThread]:   Connection test: [[32mOK connection ok[0m]

[0m13:40:29.586127 [info ] [MainThread]: [31m1 check failed:[0m
[0m13:40:29.587127 [info ] [MainThread]: Project loading failed for the following reason:
 project path <C:\Users\thiag\Desktop\Jornada_de_dados\bootcamp_dbt\dbt_project.yml> not found

[0m13:40:29.588127 [debug] [MainThread]: Command `dbt debug` failed at 13:40:29.587127 after 0.75 seconds
[0m13:40:29.588127 [debug] [MainThread]: Connection 'debug' was properly closed.
[0m13:40:29.588127 [debug] [MainThread]: Sending event: {'category': 'dbt', 'action': 'invocation', 'label': 'end', 'context': [<snowplow_tracker.self_describing_json.SelfDescribingJson object at 0x0000019B5541F3B0>, <snowplow_tracker.self_describing_json.SelfDescribingJson object at 0x0000019B548444D0>, <snowplow_tracker.self_describing_json.SelfDescribingJson object at 0x0000019B548B3740>]}
[0m13:40:29.589127 [debug] [MainThread]: Flushing usage events
[0m14:56:24.318352 [debug] [MainThread]: Sending event: {'category': 'dbt', 'action': 'invocation', 'label': 'start', 'context': [<snowplow_tracker.self_describing_json.SelfDescribingJson object at 0x0000029EC7F79D30>, <snowplow_tracker.self_describing_json.SelfDescribingJson object at 0x0000029EC82E4740>, <snowplow_tracker.self_describing_json.SelfDescribingJson object at 0x0000029EC82E44D0>]}


============================== 14:56:24.322886 | 9eecad20-b1c0-45a3-af1c-b5aab20e2417 ==============================
[0m14:56:24.322886 [info ] [MainThread]: Running with dbt=1.8.9
[0m14:56:24.323897 [debug] [MainThread]: running dbt with arguments {'printer_width': '80', 'indirect_selection': 'eager', 'write_json': 'True', 'log_cache_events': 'False', 'partial_parse': 'True', 'cache_selected_only': 'False', 'profiles_dir': 'C:\\Users\\thiag\\.dbt', 'version_check': 'True', 'fail_fast': 'False', 'log_path': 'logs', 'debug': 'False', 'warn_error': 'None', 'use_colors': 'True', 'use_experimental_parser': 'False', 'empty': 'False', 'quiet': 'False', 'no_print': 'None', 'warn_error_options': 'WarnErrorOptions(include=[], exclude=[])', 'static_parser': 'True', 'introspect': 'True', 'invocation_command': 'dbt run', 'target_path': 'None', 'log_format': 'default', 'send_anonymous_usage_stats': 'True'}
[0m14:56:24.323897 [error] [MainThread]: Encountered an error:
Runtime Error
  No dbt_project.yml found at expected path C:\Users\thiag\Desktop\Jornada_de_dados\bootcamp_dbt\dbt_project.yml
  Verify that each entry within packages.yml (and their transitive dependencies) contains a file named dbt_project.yml
  
[0m14:56:24.325110 [debug] [MainThread]: Command `dbt run` failed at 14:56:24.325110 after 0.16 seconds
[0m14:56:24.325110 [debug] [MainThread]: Sending event: {'category': 'dbt', 'action': 'invocation', 'label': 'end', 'context': [<snowplow_tracker.self_describing_json.SelfDescribingJson object at 0x0000029EC78C7800>, <snowplow_tracker.self_describing_json.SelfDescribingJson object at 0x0000029EC81C0DA0>, <snowplow_tracker.self_describing_json.SelfDescribingJson object at 0x0000029EC82E5640>]}
[0m14:56:24.326215 [debug] [MainThread]: Flushing usage events
[0m00:10:52.957786 [debug] [MainThread]: Sending event: {'category': 'dbt', 'action': 'invocation', 'label': 'start', 'context': [<snowplow_tracker.self_describing_json.SelfDescribingJson object at 0x0000022D062C1D00>, <snowplow_tracker.self_describing_json.SelfDescribingJson object at 0x0000022D08ABB830>, <snowplow_tracker.self_describing_json.SelfDescribingJson object at 0x0000022D05383290>]}


============================== 00:10:52.960883 | cc491ee3-5510-4bfa-8ec8-b20a507655a7 ==============================
[0m00:10:52.960883 [info ] [MainThread]: Running with dbt=1.8.9
[0m00:10:52.963854 [debug] [MainThread]: running dbt with arguments {'printer_width': '80', 'indirect_selection': 'eager', 'write_json': 'True', 'log_cache_events': 'False', 'partial_parse': 'True', 'cache_selected_only': 'False', 'profiles_dir': 'C:\\Users\\thiag\\.dbt', 'fail_fast': 'False', 'debug': 'False', 'log_path': 'logs', 'warn_error': 'None', 'version_check': 'True', 'use_colors': 'True', 'use_experimental_parser': 'False', 'no_print': 'None', 'quiet': 'False', 'empty': 'None', 'log_format': 'default', 'invocation_command': 'dbt deps', 'warn_error_options': 'WarnErrorOptions(include=[], exclude=[])', 'static_parser': 'True', 'target_path': 'None', 'introspect': 'True', 'send_anonymous_usage_stats': 'True'}
[0m00:10:52.963854 [error] [MainThread]: Encountered an error:
Runtime Error
  No dbt_project.yml found at expected path C:\Users\thiag\Desktop\Jornada_de_dados\bootcamp_dbt\dbt_project.yml
  Verify that each entry within packages.yml (and their transitive dependencies) contains a file named dbt_project.yml
  
[0m00:10:52.965786 [debug] [MainThread]: Command `dbt deps` failed at 00:10:52.964786 after 0.14 seconds
[0m00:10:52.965786 [debug] [MainThread]: Sending event: {'category': 'dbt', 'action': 'invocation', 'label': 'end', 'context': [<snowplow_tracker.self_describing_json.SelfDescribingJson object at 0x0000022D08C67380>, <snowplow_tracker.self_describing_json.SelfDescribingJson object at 0x0000022D08B9E8A0>, <snowplow_tracker.self_describing_json.SelfDescribingJson object at 0x0000022D088E7BC0>]}
[0m00:10:52.965786 [debug] [MainThread]: Flushing usage events
